Error: Can't walk dependency graph: Cannot find module '.' from '/home/blockops/wallet-sdk/example/node_modules/wallet-connector-extention/dist/bundle.js'
    required by /home/blockops/wallet-sdk/example/node_modules/wallet-connector-extention/dist/bundle.js
Error: Can't walk dependency graph: Cannot find module '../_version' from '/home/blockops/wallet-sdk/example/node_modules/wallet-connector-extention/dist/bundle.js'
    required by /home/blockops/wallet-sdk/example/node_modules/wallet-connector-extention/dist/bundle.js
Error: Can't walk dependency graph: Cannot find module '../utils' from '/home/blockops/wallet-sdk/example/node_modules/wallet-connector-extention/dist/bundle.js'
    required by /home/blockops/wallet-sdk/example/node_modules/wallet-connector-extention/dist/bundle.js
Error: Can't walk dependency graph: Cannot find module '../curves' from '/home/blockops/wallet-sdk/example/node_modules/wallet-connector-extention/dist/bundle.js'
    required by /home/blockops/wallet-sdk/example/node_modules/wallet-connector-extention/dist/bundle.js
Error: Can't walk dependency graph: Cannot find module '../BaseProvider' from '/home/blockops/wallet-sdk/example/node_modules/wallet-connector-extention/dist/bundle.js'
    required by /home/blockops/wallet-sdk/example/node_modules/wallet-connector-extention/dist/bundle.js
Error: Can't walk dependency graph: Cannot find module '../asn1' from '/home/blockops/wallet-sdk/example/node_modules/wallet-connector-extention/dist/bundle.js'
    required by /home/blockops/wallet-sdk/example/node_modules/wallet-connector-extention/dist/bundle.js
Error: Can't walk dependency graph: Cannot find module '../base' from '/home/blockops/wallet-sdk/example/node_modules/wallet-connector-extention/dist/bundle.js'
    required by /home/blockops/wallet-sdk/example/node_modules/wallet-connector-extention/dist/bundle.js
Error: Can't walk dependency graph: Cannot find module '../constants' from '/home/blockops/wallet-sdk/example/node_modules/wallet-connector-extention/dist/bundle.js'
    required by /home/blockops/wallet-sdk/example/node_modules/wallet-connector-extention/dist/bundle.js
Error: Can't walk dependency graph: Cannot find module '../incr32' from '/home/blockops/wallet-sdk/example/node_modules/wallet-connector-extention/dist/bundle.js'
    required by /home/blockops/wallet-sdk/example/node_modules/wallet-connector-extention/dist/bundle.js
Error: Can't walk dependency graph: Cannot find module './' from '/home/blockops/wallet-sdk/example/node_modules/wallet-connector-extention/dist/bundle.js'
    required by /home/blockops/wallet-sdk/example/node_modules/wallet-connector-extention/dist/bundle.js
Error: Can't walk dependency graph: Cannot find module '../common' from '/home/blockops/wallet-sdk/example/node_modules/wallet-connector-extention/dist/bundle.js'
    required by /home/blockops/wallet-sdk/example/node_modules/wallet-connector-extention/dist/bundle.js
Error: Can't walk dependency graph: Cannot find module '../errors' from '/home/blockops/wallet-sdk/example/node_modules/wallet-connector-extention/dist/bundle.js'
    required by /home/blockops/wallet-sdk/example/node_modules/wallet-connector-extention/dist/bundle.js
Error: Can't walk dependency graph: Cannot find module '../../../errors' from '/home/blockops/wallet-sdk/example/node_modules/wallet-connector-extention/dist/bundle.js'
    required by /home/blockops/wallet-sdk/example/node_modules/wallet-connector-extention/dist/bundle.js
Error: Can't walk dependency graph: Cannot find module '../config' from '/home/blockops/wallet-sdk/example/node_modules/wallet-connector-extention/dist/bundle.js'
    required by /home/blockops/wallet-sdk/example/node_modules/wallet-connector-extention/dist/bundle.js
Error: Can't walk dependency graph: Cannot find module './mainnet.json' from '/home/blockops/wallet-sdk/example/node_modules/wallet-connector-extention/dist/bundle.js'
    required by /home/blockops/wallet-sdk/example/node_modules/wallet-connector-extention/dist/bundle.js
Error: Can't walk dependency graph: Cannot find module './sepolia.json' from '/home/blockops/wallet-sdk/example/node_modules/wallet-connector-extention/dist/bundle.js'
    required by /home/blockops/wallet-sdk/example/node_modules/wallet-connector-extention/dist/bundle.js
Error: Can't walk dependency graph: Cannot find module './rinkeby.json' from '/home/blockops/wallet-sdk/example/node_modules/wallet-connector-extention/dist/bundle.js'
    required by /home/blockops/wallet-sdk/example/node_modules/wallet-connector-extention/dist/bundle.js
Error: Can't walk dependency graph: Cannot find module './kovan.json' from '/home/blockops/wallet-sdk/example/node_modules/wallet-connector-extention/dist/bundle.js'
    required by /home/blockops/wallet-sdk/example/node_modules/wallet-connector-extention/dist/bundle.js
Error: Can't walk dependency graph: Cannot find module './goerli.json' from '/home/blockops/wallet-sdk/example/node_modules/wallet-connector-extention/dist/bundle.js'
    required by /home/blockops/wallet-sdk/example/node_modules/wallet-connector-extention/dist/bundle.js
Error: Can't walk dependency graph: Cannot find module './ropsten.json' from '/home/blockops/wallet-sdk/example/node_modules/wallet-connector-extention/dist/bundle.js'
    required by /home/blockops/wallet-sdk/example/node_modules/wallet-connector-extention/dist/bundle.js
Error: Can't walk dependency graph: Cannot find module './1559.json' from '/home/blockops/wallet-sdk/example/node_modules/wallet-connector-extention/dist/bundle.js'
    required by /home/blockops/wallet-sdk/example/node_modules/wallet-connector-extention/dist/bundle.js
Error: Can't walk dependency graph: Cannot find module './2537.json' from '/home/blockops/wallet-sdk/example/node_modules/wallet-connector-extention/dist/bundle.js'
    required by /home/blockops/wallet-sdk/example/node_modules/wallet-connector-extention/dist/bundle.js
Error: Can't walk dependency graph: Cannot find module './2315.json' from '/home/blockops/wallet-sdk/example/node_modules/wallet-connector-extention/dist/bundle.js'
    required by /home/blockops/wallet-sdk/example/node_modules/wallet-connector-extention/dist/bundle.js
Error: Can't walk dependency graph: Cannot find module './1153.json' from '/home/blockops/wallet-sdk/example/node_modules/wallet-connector-extention/dist/bundle.js'
    required by /home/blockops/wallet-sdk/example/node_modules/wallet-connector-extention/dist/bundle.js
Error: Can't walk dependency graph: Cannot find module './2718.json' from '/home/blockops/wallet-sdk/example/node_modules/wallet-connector-extention/dist/bundle.js'
    required by /home/blockops/wallet-sdk/example/node_modules/wallet-connector-extention/dist/bundle.js
Error: Can't walk dependency graph: Cannot find module './2929.json' from '/home/blockops/wallet-sdk/example/node_modules/wallet-connector-extention/dist/bundle.js'
    required by /home/blockops/wallet-sdk/example/node_modules/wallet-connector-extention/dist/bundle.js
Error: Can't walk dependency graph: Cannot find module './2565.json' from '/home/blockops/wallet-sdk/example/node_modules/wallet-connector-extention/dist/bundle.js'
    required by /home/blockops/wallet-sdk/example/node_modules/wallet-connector-extention/dist/bundle.js
Error: Can't walk dependency graph: Cannot find module './2930.json' from '/home/blockops/wallet-sdk/example/node_modules/wallet-connector-extention/dist/bundle.js'
    required by /home/blockops/wallet-sdk/example/node_modules/wallet-connector-extention/dist/bundle.js
Error: Can't walk dependency graph: Cannot find module './3198.json' from '/home/blockops/wallet-sdk/example/node_modules/wallet-connector-extention/dist/bundle.js'
    required by /home/blockops/wallet-sdk/example/node_modules/wallet-connector-extention/dist/bundle.js
Error: Can't walk dependency graph: Cannot find module './3529.json' from '/home/blockops/wallet-sdk/example/node_modules/wallet-connector-extention/dist/bundle.js'
    required by /home/blockops/wallet-sdk/example/node_modules/wallet-connector-extention/dist/bundle.js
Error: Can't walk dependency graph: Cannot find module './3540.json' from '/home/blockops/wallet-sdk/example/node_modules/wallet-connector-extention/dist/bundle.js'
    required by /home/blockops/wallet-sdk/example/node_modules/wallet-connector-extention/dist/bundle.js
Error: Can't walk dependency graph: Cannot find module './3607.json' from '/home/blockops/wallet-sdk/example/node_modules/wallet-connector-extention/dist/bundle.js'
    required by /home/blockops/wallet-sdk/example/node_modules/wallet-connector-extention/dist/bundle.js
Error: Can't walk dependency graph: Cannot find module './3554.json' from '/home/blockops/wallet-sdk/example/node_modules/wallet-connector-extention/dist/bundle.js'
    required by /home/blockops/wallet-sdk/example/node_modules/wallet-connector-extention/dist/bundle.js
Error: Can't walk dependency graph: Cannot find module './3541.json' from '/home/blockops/wallet-sdk/example/node_modules/wallet-connector-extention/dist/bundle.js'
    required by /home/blockops/wallet-sdk/example/node_modules/wallet-connector-extention/dist/bundle.js
Error: Can't walk dependency graph: Cannot find module './3651.json' from '/home/blockops/wallet-sdk/example/node_modules/wallet-connector-extention/dist/bundle.js'
    required by /home/blockops/wallet-sdk/example/node_modules/wallet-connector-extention/dist/bundle.js
Error: Can't walk dependency graph: Cannot find module './3670.json' from '/home/blockops/wallet-sdk/example/node_modules/wallet-connector-extention/dist/bundle.js'
    required by /home/blockops/wallet-sdk/example/node_modules/wallet-connector-extention/dist/bundle.js
Error: Can't walk dependency graph: Cannot find module './3675.json' from '/home/blockops/wallet-sdk/example/node_modules/wallet-connector-extention/dist/bundle.js'
    required by /home/blockops/wallet-sdk/example/node_modules/wallet-connector-extention/dist/bundle.js
Error: Can't walk dependency graph: Cannot find module './3860.json' from '/home/blockops/wallet-sdk/example/node_modules/wallet-connector-extention/dist/bundle.js'
    required by /home/blockops/wallet-sdk/example/node_modules/wallet-connector-extention/dist/bundle.js
Error: Can't walk dependency graph: Cannot find module './3855.json' from '/home/blockops/wallet-sdk/example/node_modules/wallet-connector-extention/dist/bundle.js'
    required by /home/blockops/wallet-sdk/example/node_modules/wallet-connector-extention/dist/bundle.js
Error: Can't walk dependency graph: Cannot find module './5133.json' from '/home/blockops/wallet-sdk/example/node_modules/wallet-connector-extention/dist/bundle.js'
    required by /home/blockops/wallet-sdk/example/node_modules/wallet-connector-extention/dist/bundle.js
Error: Can't walk dependency graph: Cannot find module './4345.json' from '/home/blockops/wallet-sdk/example/node_modules/wallet-connector-extention/dist/bundle.js'
    required by /home/blockops/wallet-sdk/example/node_modules/wallet-connector-extention/dist/bundle.js
Error: Can't walk dependency graph: Cannot find module './4399.json' from '/home/blockops/wallet-sdk/example/node_modules/wallet-connector-extention/dist/bundle.js'
    required by /home/blockops/wallet-sdk/example/node_modules/wallet-connector-extention/dist/bundle.js
Error: Can't walk dependency graph: Cannot find module './chainstart.json' from '/home/blockops/wallet-sdk/example/node_modules/wallet-connector-extention/dist/bundle.js'
    required by /home/blockops/wallet-sdk/example/node_modules/wallet-connector-extention/dist/bundle.js
Error: Can't walk dependency graph: Cannot find module './dao.json' from '/home/blockops/wallet-sdk/example/node_modules/wallet-connector-extention/dist/bundle.js'
    required by /home/blockops/wallet-sdk/example/node_modules/wallet-connector-extention/dist/bundle.js
Error: Can't walk dependency graph: Cannot find module './spuriousDragon.json' from '/home/blockops/wallet-sdk/example/node_modules/wallet-connector-extention/dist/bundle.js'
    required by /home/blockops/wallet-sdk/example/node_modules/wallet-connector-extention/dist/bundle.js
Error: Can't walk dependency graph: Cannot find module './homestead.json' from '/home/blockops/wallet-sdk/example/node_modules/wallet-connector-extention/dist/bundle.js'
    required by /home/blockops/wallet-sdk/example/node_modules/wallet-connector-extention/dist/bundle.js
Error: Can't walk dependency graph: Cannot find module './byzantium.json' from '/home/blockops/wallet-sdk/example/node_modules/wallet-connector-extention/dist/bundle.js'
    required by /home/blockops/wallet-sdk/example/node_modules/wallet-connector-extention/dist/bundle.js
Error: Can't walk dependency graph: Cannot find module './tangerineWhistle.json' from '/home/blockops/wallet-sdk/example/node_modules/wallet-connector-extention/dist/bundle.js'
    required by /home/blockops/wallet-sdk/example/node_modules/wallet-connector-extention/dist/bundle.js
Error: Can't walk dependency graph: Cannot find module './constantinople.json' from '/home/blockops/wallet-sdk/example/node_modules/wallet-connector-extention/dist/bundle.js'
    required by /home/blockops/wallet-sdk/example/node_modules/wallet-connector-extention/dist/bundle.js
Error: Can't walk dependency graph: Cannot find module './petersburg.json' from '/home/blockops/wallet-sdk/example/node_modules/wallet-connector-extention/dist/bundle.js'
    required by /home/blockops/wallet-sdk/example/node_modules/wallet-connector-extention/dist/bundle.js
Error: Can't walk dependency graph: Cannot find module './berlin.json' from '/home/blockops/wallet-sdk/example/node_modules/wallet-connector-extention/dist/bundle.js'
    required by /home/blockops/wallet-sdk/example/node_modules/wallet-connector-extention/dist/bundle.js
Error: Can't walk dependency graph: Cannot find module './muirGlacier.json' from '/home/blockops/wallet-sdk/example/node_modules/wallet-connector-extention/dist/bundle.js'
    required by /home/blockops/wallet-sdk/example/node_modules/wallet-connector-extention/dist/bundle.js
Error: Can't walk dependency graph: Cannot find module './istanbul.json' from '/home/blockops/wallet-sdk/example/node_modules/wallet-connector-extention/dist/bundle.js'
    required by /home/blockops/wallet-sdk/example/node_modules/wallet-connector-extention/dist/bundle.js
Error: Can't walk dependency graph: Cannot find module './shanghai.json' from '/home/blockops/wallet-sdk/example/node_modules/wallet-connector-extention/dist/bundle.js'
    required by /home/blockops/wallet-sdk/example/node_modules/wallet-connector-extention/dist/bundle.js
Error: Can't walk dependency graph: Cannot find module './london.json' from '/home/blockops/wallet-sdk/example/node_modules/wallet-connector-extention/dist/bundle.js'
    required by /home/blockops/wallet-sdk/example/node_modules/wallet-connector-extention/dist/bundle.js
Error: Can't walk dependency graph: Cannot find module './arrowGlacier.json' from '/home/blockops/wallet-sdk/example/node_modules/wallet-connector-extention/dist/bundle.js'
    required by /home/blockops/wallet-sdk/example/node_modules/wallet-connector-extention/dist/bundle.js
Error: Can't walk dependency graph: Cannot find module './grayGlacier.json' from '/home/blockops/wallet-sdk/example/node_modules/wallet-connector-extention/dist/bundle.js'
    required by /home/blockops/wallet-sdk/example/node_modules/wallet-connector-extention/dist/bundle.js
Error: Can't walk dependency graph: Cannot find module './mergeForkIdTransition.json' from '/home/blockops/wallet-sdk/example/node_modules/wallet-connector-extention/dist/bundle.js'
    required by /home/blockops/wallet-sdk/example/node_modules/wallet-connector-extention/dist/bundle.js
Error: Can't walk dependency graph: Cannot find module './merge.json' from '/home/blockops/wallet-sdk/example/node_modules/wallet-connector-extention/dist/bundle.js'
    required by /home/blockops/wallet-sdk/example/node_modules/wallet-connector-extention/dist/bundle.js
Error: Can't walk dependency graph: Cannot find module './hardforks' from '/home/blockops/wallet-sdk/example/node_modules/wallet-connector-extention/dist/bundle.js'
    required by /home/blockops/wallet-sdk/example/node_modules/wallet-connector-extention/dist/bundle.js
Error: Can't walk dependency graph: Cannot find module './chains' from '/home/blockops/wallet-sdk/example/node_modules/wallet-connector-extention/dist/bundle.js'
    required by /home/blockops/wallet-sdk/example/node_modules/wallet-connector-extention/dist/bundle.js
Error: Can't walk dependency graph: Cannot find module './eips' from '/home/blockops/wallet-sdk/example/node_modules/wallet-connector-extention/dist/bundle.js'
    required by /home/blockops/wallet-sdk/example/node_modules/wallet-connector-extention/dist/bundle.js
Error: Can't walk dependency graph: Cannot find module './baseTransaction' from '/home/blockops/wallet-sdk/example/node_modules/wallet-connector-extention/dist/bundle.js'
    required by /home/blockops/wallet-sdk/example/node_modules/wallet-connector-extention/dist/bundle.js
Error: Can't walk dependency graph: Cannot find module './util' from '/home/blockops/wallet-sdk/example/node_modules/wallet-connector-extention/dist/bundle.js'
    required by /home/blockops/wallet-sdk/example/node_modules/wallet-connector-extention/dist/bundle.js
Error: Can't walk dependency graph: Cannot find module './types' from '/home/blockops/wallet-sdk/example/node_modules/wallet-connector-extention/dist/bundle.js'
    required by /home/blockops/wallet-sdk/example/node_modules/wallet-connector-extention/dist/bundle.js
Error: Can't walk dependency graph: Cannot find module './eip2930Transaction' from '/home/blockops/wallet-sdk/example/node_modules/wallet-connector-extention/dist/bundle.js'
    required by /home/blockops/wallet-sdk/example/node_modules/wallet-connector-extention/dist/bundle.js
Error: Can't walk dependency graph: Cannot find module './eip1559Transaction' from '/home/blockops/wallet-sdk/example/node_modules/wallet-connector-extention/dist/bundle.js'
    required by /home/blockops/wallet-sdk/example/node_modules/wallet-connector-extention/dist/bundle.js
Error: Can't walk dependency graph: Cannot find module './legacyTransaction' from '/home/blockops/wallet-sdk/example/node_modules/wallet-connector-extention/dist/bundle.js'
    required by /home/blockops/wallet-sdk/example/node_modules/wallet-connector-extention/dist/bundle.js
Error: Can't walk dependency graph: Cannot find module '../../../is-buffer/index.js' from '/home/blockops/wallet-sdk/example/node_modules/wallet-connector-extention/dist/bundle.js'
    required by /home/blockops/wallet-sdk/example/node_modules/wallet-connector-extention/dist/bundle.js
Error: Can't walk dependency graph: Cannot find module './transactionFactory' from '/home/blockops/wallet-sdk/example/node_modules/wallet-connector-extention/dist/bundle.js'
    required by /home/blockops/wallet-sdk/example/node_modules/wallet-connector-extention/dist/bundle.js
Error: Can't walk dependency graph: Cannot find module './_version' from '/home/blockops/wallet-sdk/example/node_modules/wallet-connector-extention/dist/bundle.js'
    required by /home/blockops/wallet-sdk/example/node_modules/wallet-connector-extention/dist/bundle.js
Error: Can't walk dependency graph: Cannot find module './fragments' from '/home/blockops/wallet-sdk/example/node_modules/wallet-connector-extention/dist/bundle.js'
    required by /home/blockops/wallet-sdk/example/node_modules/wallet-connector-extention/dist/bundle.js
Error: Can't walk dependency graph: Cannot find module './abstract-coder' from '/home/blockops/wallet-sdk/example/node_modules/wallet-connector-extention/dist/bundle.js'
    required by /home/blockops/wallet-sdk/example/node_modules/wallet-connector-extention/dist/bundle.js
Error: Can't walk dependency graph: Cannot find module './anonymous' from '/home/blockops/wallet-sdk/example/node_modules/wallet-connector-extention/dist/bundle.js'
    required by /home/blockops/wallet-sdk/example/node_modules/wallet-connector-extention/dist/bundle.js
Error: Can't walk dependency graph: Cannot find module './bytes' from '/home/blockops/wallet-sdk/example/node_modules/wallet-connector-extention/dist/bundle.js'
    required by /home/blockops/wallet-sdk/example/node_modules/wallet-connector-extention/dist/bundle.js
Error: Can't walk dependency graph: Cannot find module './array' from '/home/blockops/wallet-sdk/example/node_modules/wallet-connector-extention/dist/bundle.js'
    required by /home/blockops/wallet-sdk/example/node_modules/wallet-connector-extention/dist/bundle.js
Error: Can't walk dependency graph: Cannot find module './abi-coder' from '/home/blockops/wallet-sdk/example/node_modules/wallet-connector-extention/dist/bundle.js'
    required by /home/blockops/wallet-sdk/example/node_modules/wallet-connector-extention/dist/bundle.js
Error: Can't walk dependency graph: Cannot find module './interface' from '/home/blockops/wallet-sdk/example/node_modules/wallet-connector-extention/dist/bundle.js'
    required by /home/blockops/wallet-sdk/example/node_modules/wallet-connector-extention/dist/bundle.js
Error: Can't walk dependency graph: Cannot find module './fixednumber' from '/home/blockops/wallet-sdk/example/node_modules/wallet-connector-extention/dist/bundle.js'
    required by /home/blockops/wallet-sdk/example/node_modules/wallet-connector-extention/dist/bundle.js
Error: Can't walk dependency graph: Cannot find module './base64' from '/home/blockops/wallet-sdk/example/node_modules/wallet-connector-extention/dist/bundle.js'
    required by /home/blockops/wallet-sdk/example/node_modules/wallet-connector-extention/dist/bundle.js
Error: Can't walk dependency graph: Cannot find module './bignumbers' from '/home/blockops/wallet-sdk/example/node_modules/wallet-connector-extention/dist/bundle.js'
    required by /home/blockops/wallet-sdk/example/node_modules/wallet-connector-extention/dist/bundle.js
Error: Can't walk dependency graph: Cannot find module './addresses' from '/home/blockops/wallet-sdk/example/node_modules/wallet-connector-extention/dist/bundle.js'
    required by /home/blockops/wallet-sdk/example/node_modules/wallet-connector-extention/dist/bundle.js
Error: Can't walk dependency graph: Cannot find module './hashes' from '/home/blockops/wallet-sdk/example/node_modules/wallet-connector-extention/dist/bundle.js'
    required by /home/blockops/wallet-sdk/example/node_modules/wallet-connector-extention/dist/bundle.js
Error: Can't walk dependency graph: Cannot find module './strings' from '/home/blockops/wallet-sdk/example/node_modules/wallet-connector-extention/dist/bundle.js'
    required by /home/blockops/wallet-sdk/example/node_modules/wallet-connector-extention/dist/bundle.js
Error: Can't walk dependency graph: Cannot find module './id' from '/home/blockops/wallet-sdk/example/node_modules/wallet-connector-extention/dist/bundle.js'
    required by /home/blockops/wallet-sdk/example/node_modules/wallet-connector-extention/dist/bundle.js
Error: Can't walk dependency graph: Cannot find module './include.js' from '/home/blockops/wallet-sdk/example/node_modules/wallet-connector-extention/dist/bundle.js'
    required by /home/blockops/wallet-sdk/example/node_modules/wallet-connector-extention/dist/bundle.js
Error: Can't walk dependency graph: Cannot find module './namehash' from '/home/blockops/wallet-sdk/example/node_modules/wallet-connector-extention/dist/bundle.js'
    required by /home/blockops/wallet-sdk/example/node_modules/wallet-connector-extention/dist/bundle.js
Error: Can't walk dependency graph: Cannot find module './message' from '/home/blockops/wallet-sdk/example/node_modules/wallet-connector-extention/dist/bundle.js'
    required by /home/blockops/wallet-sdk/example/node_modules/wallet-connector-extention/dist/bundle.js
Error: Can't walk dependency graph: Cannot find module './bignumber' from '/home/blockops/wallet-sdk/example/node_modules/wallet-connector-extention/dist/bundle.js'
    required by /home/blockops/wallet-sdk/example/node_modules/wallet-connector-extention/dist/bundle.js
Error: Can't walk dependency graph: Cannot find module './decoder.js' from '/home/blockops/wallet-sdk/example/node_modules/wallet-connector-extention/dist/bundle.js'
    required by /home/blockops/wallet-sdk/example/node_modules/wallet-connector-extention/dist/bundle.js
Error: Can't walk dependency graph: Cannot find module './typed-data' from '/home/blockops/wallet-sdk/example/node_modules/wallet-connector-extention/dist/bundle.js'
    required by /home/blockops/wallet-sdk/example/node_modules/wallet-connector-extention/dist/bundle.js
Error: Can't walk dependency graph: Cannot find module './elliptic' from '/home/blockops/wallet-sdk/example/node_modules/wallet-connector-extention/dist/bundle.js'
    required by /home/blockops/wallet-sdk/example/node_modules/wallet-connector-extention/dist/bundle.js
Error: Can't walk dependency graph: Cannot find module './short' from '/home/blockops/wallet-sdk/example/node_modules/wallet-connector-extention/dist/bundle.js'
    required by /home/blockops/wallet-sdk/example/node_modules/wallet-connector-extention/dist/bundle.js
Error: Can't walk dependency graph: Cannot find module './base' from '/home/blockops/wallet-sdk/example/node_modules/wallet-connector-extention/dist/bundle.js'
    required by /home/blockops/wallet-sdk/example/node_modules/wallet-connector-extention/dist/bundle.js
Error: Can't walk dependency graph: Cannot find module './curve' from '/home/blockops/wallet-sdk/example/node_modules/wallet-connector-extention/dist/bundle.js'
    required by /home/blockops/wallet-sdk/example/node_modules/wallet-connector-extention/dist/bundle.js
Error: Can't walk dependency graph: Cannot find module './edwards' from '/home/blockops/wallet-sdk/example/node_modules/wallet-connector-extention/dist/bundle.js'
    required by /home/blockops/wallet-sdk/example/node_modules/wallet-connector-extention/dist/bundle.js
Error: Can't walk dependency graph: Cannot find module './mont' from '/home/blockops/wallet-sdk/example/node_modules/wallet-connector-extention/dist/bundle.js'
    required by /home/blockops/wallet-sdk/example/node_modules/wallet-connector-extention/dist/bundle.js
Error: Can't walk dependency graph: Cannot find module './utils' from '/home/blockops/wallet-sdk/example/node_modules/wallet-connector-extention/dist/bundle.js'
    required by /home/blockops/wallet-sdk/example/node_modules/wallet-connector-extention/dist/bundle.js
Error: Can't walk dependency graph: Cannot find module './key' from '/home/blockops/wallet-sdk/example/node_modules/wallet-connector-extention/dist/bundle.js'
    required by /home/blockops/wallet-sdk/example/node_modules/wallet-connector-extention/dist/bundle.js
Error: Can't walk dependency graph: Cannot find module './signature' from '/home/blockops/wallet-sdk/example/node_modules/wallet-connector-extention/dist/bundle.js'
    required by /home/blockops/wallet-sdk/example/node_modules/wallet-connector-extention/dist/bundle.js
Error: Can't walk dependency graph: Cannot find module './utf8' from '/home/blockops/wallet-sdk/example/node_modules/wallet-connector-extention/dist/bundle.js'
    required by /home/blockops/wallet-sdk/example/node_modules/wallet-connector-extention/dist/bundle.js
Error: Can't walk dependency graph: Cannot find module './bytes32' from '/home/blockops/wallet-sdk/example/node_modules/wallet-connector-extention/dist/bundle.js'
    required by /home/blockops/wallet-sdk/example/node_modules/wallet-connector-extention/dist/bundle.js
Error: Can't walk dependency graph: Cannot find module './idna' from '/home/blockops/wallet-sdk/example/node_modules/wallet-connector-extention/dist/bundle.js'
    required by /home/blockops/wallet-sdk/example/node_modules/wallet-connector-extention/dist/bundle.js
Error: Can't walk dependency graph: Cannot find module './siteMetadata' from '/home/blockops/wallet-sdk/example/node_modules/wallet-connector-extention/dist/bundle.js'
    required by /home/blockops/wallet-sdk/example/node_modules/wallet-connector-extention/dist/bundle.js
Error: Can't walk dependency graph: Cannot find module './messages' from '/home/blockops/wallet-sdk/example/node_modules/wallet-connector-extention/dist/bundle.js'
    required by /home/blockops/wallet-sdk/example/node_modules/wallet-connector-extention/dist/bundle.js
Error: Can't walk dependency graph: Cannot find module './BaseProvider' from '/home/blockops/wallet-sdk/example/node_modules/wallet-connector-extention/dist/bundle.js'
    required by /home/blockops/wallet-sdk/example/node_modules/wallet-connector-extention/dist/bundle.js
Error: Can't walk dependency graph: Cannot find module './external-extension-config.json' from '/home/blockops/wallet-sdk/example/node_modules/wallet-connector-extention/dist/bundle.js'
    required by /home/blockops/wallet-sdk/example/node_modules/wallet-connector-extention/dist/bundle.js
Error: Can't walk dependency graph: Cannot find module './MetaMaskInpageProvider' from '/home/blockops/wallet-sdk/example/node_modules/wallet-connector-extention/dist/bundle.js'
    required by /home/blockops/wallet-sdk/example/node_modules/wallet-connector-extention/dist/bundle.js
Error: Can't walk dependency graph: Cannot find module './initializeInpageProvider' from '/home/blockops/wallet-sdk/example/node_modules/wallet-connector-extention/dist/bundle.js'
    required by /home/blockops/wallet-sdk/example/node_modules/wallet-connector-extention/dist/bundle.js
Error: Can't walk dependency graph: Cannot find module './shimWeb3' from '/home/blockops/wallet-sdk/example/node_modules/wallet-connector-extention/dist/bundle.js'
    required by /home/blockops/wallet-sdk/example/node_modules/wallet-connector-extention/dist/bundle.js
Error: Can't walk dependency graph: Cannot find module './Substream' from '/home/blockops/wallet-sdk/example/node_modules/wallet-connector-extention/dist/bundle.js'
    required by /home/blockops/wallet-sdk/example/node_modules/wallet-connector-extention/dist/bundle.js
Error: Can't walk dependency graph: Cannot find module './_assert.js' from '/home/blockops/wallet-sdk/example/node_modules/wallet-connector-extention/dist/bundle.js'
    required by /home/blockops/wallet-sdk/example/node_modules/wallet-connector-extention/dist/bundle.js
Error: Can't walk dependency graph: Cannot find module './utils.js' from '/home/blockops/wallet-sdk/example/node_modules/wallet-connector-extention/dist/bundle.js'
    required by /home/blockops/wallet-sdk/example/node_modules/wallet-connector-extention/dist/bundle.js
Error: Can't walk dependency graph: Cannot find module './_u64.js' from '/home/blockops/wallet-sdk/example/node_modules/wallet-connector-extention/dist/bundle.js'
    required by /home/blockops/wallet-sdk/example/node_modules/wallet-connector-extention/dist/bundle.js
Error: Can't walk dependency graph: Cannot find module './ObjectMultiplex' from '/home/blockops/wallet-sdk/example/node_modules/wallet-connector-extention/dist/bundle.js'
    required by /home/blockops/wallet-sdk/example/node_modules/wallet-connector-extention/dist/bundle.js
Error: Can't walk dependency graph: Cannot find module './reporter' from '/home/blockops/wallet-sdk/example/node_modules/wallet-connector-extention/dist/bundle.js'
    required by /home/blockops/wallet-sdk/example/node_modules/wallet-connector-extention/dist/bundle.js
Error: Can't walk dependency graph: Cannot find module './buffer' from '/home/blockops/wallet-sdk/example/node_modules/wallet-connector-extention/dist/bundle.js'
    required by /home/blockops/wallet-sdk/example/node_modules/wallet-connector-extention/dist/bundle.js
Error: Can't walk dependency graph: Cannot find module './node' from '/home/blockops/wallet-sdk/example/node_modules/wallet-connector-extention/dist/bundle.js'
    required by /home/blockops/wallet-sdk/example/node_modules/wallet-connector-extention/dist/bundle.js
Error: Can't walk dependency graph: Cannot find module './der' from '/home/blockops/wallet-sdk/example/node_modules/wallet-connector-extention/dist/bundle.js'
    required by /home/blockops/wallet-sdk/example/node_modules/wallet-connector-extention/dist/bundle.js
Error: Can't walk dependency graph: Cannot find module './pem' from '/home/blockops/wallet-sdk/example/node_modules/wallet-connector-extention/dist/bundle.js'
    required by /home/blockops/wallet-sdk/example/node_modules/wallet-connector-extention/dist/bundle.js
Error: Can't walk dependency graph: Cannot find module './aes' from '/home/blockops/wallet-sdk/example/node_modules/wallet-connector-extention/dist/bundle.js'
    required by /home/blockops/wallet-sdk/example/node_modules/wallet-connector-extention/dist/bundle.js
Error: Can't walk dependency graph: Cannot find module './incr32' from '/home/blockops/wallet-sdk/example/node_modules/wallet-connector-extention/dist/bundle.js'
    required by /home/blockops/wallet-sdk/example/node_modules/wallet-connector-extention/dist/bundle.js
Error: Can't walk dependency graph: Cannot find module './decrypter' from '/home/blockops/wallet-sdk/example/node_modules/wallet-connector-extention/dist/bundle.js'
    required by /home/blockops/wallet-sdk/example/node_modules/wallet-connector-extention/dist/bundle.js
Error: Can't walk dependency graph: Cannot find module './ghash' from '/home/blockops/wallet-sdk/example/node_modules/wallet-connector-extention/dist/bundle.js'
    required by /home/blockops/wallet-sdk/example/node_modules/wallet-connector-extention/dist/bundle.js
Error: Can't walk dependency graph: Cannot find module './encrypter' from '/home/blockops/wallet-sdk/example/node_modules/wallet-connector-extention/dist/bundle.js'
    required by /home/blockops/wallet-sdk/example/node_modules/wallet-connector-extention/dist/bundle.js
Error: Can't walk dependency graph: Cannot find module './authCipher' from '/home/blockops/wallet-sdk/example/node_modules/wallet-connector-extention/dist/bundle.js'
    required by /home/blockops/wallet-sdk/example/node_modules/wallet-connector-extention/dist/bundle.js
Error: Can't walk dependency graph: Cannot find module './streamCipher' from '/home/blockops/wallet-sdk/example/node_modules/wallet-connector-extention/dist/bundle.js'
    required by /home/blockops/wallet-sdk/example/node_modules/wallet-connector-extention/dist/bundle.js
Error: Can't walk dependency graph: Cannot find module './modes' from '/home/blockops/wallet-sdk/example/node_modules/wallet-connector-extention/dist/bundle.js'
    required by /home/blockops/wallet-sdk/example/node_modules/wallet-connector-extention/dist/bundle.js
Error: Can't walk dependency graph: Cannot find module './cfb' from '/home/blockops/wallet-sdk/example/node_modules/wallet-connector-extention/dist/bundle.js'
    required by /home/blockops/wallet-sdk/example/node_modules/wallet-connector-extention/dist/bundle.js
Error: Can't walk dependency graph: Cannot find module './cfb8' from '/home/blockops/wallet-sdk/example/node_modules/wallet-connector-extention/dist/bundle.js'
    required by /home/blockops/wallet-sdk/example/node_modules/wallet-connector-extention/dist/bundle.js
Error: Can't walk dependency graph: Cannot find module './ecb' from '/home/blockops/wallet-sdk/example/node_modules/wallet-connector-extention/dist/bundle.js'
    required by /home/blockops/wallet-sdk/example/node_modules/wallet-connector-extention/dist/bundle.js
Error: Can't walk dependency graph: Cannot find module './cfb1' from '/home/blockops/wallet-sdk/example/node_modules/wallet-connector-extention/dist/bundle.js'
    required by /home/blockops/wallet-sdk/example/node_modules/wallet-connector-extention/dist/bundle.js
Error: Can't walk dependency graph: Cannot find module './cbc' from '/home/blockops/wallet-sdk/example/node_modules/wallet-connector-extention/dist/bundle.js'
    required by /home/blockops/wallet-sdk/example/node_modules/wallet-connector-extention/dist/bundle.js
Error: Can't walk dependency graph: Cannot find module './ctr' from '/home/blockops/wallet-sdk/example/node_modules/wallet-connector-extention/dist/bundle.js'
    required by /home/blockops/wallet-sdk/example/node_modules/wallet-connector-extention/dist/bundle.js
Error: Can't walk dependency graph: Cannot find module './ofb' from '/home/blockops/wallet-sdk/example/node_modules/wallet-connector-extention/dist/bundle.js'
    required by /home/blockops/wallet-sdk/example/node_modules/wallet-connector-extention/dist/bundle.js
Error: Can't walk dependency graph: Cannot find module './list.json' from '/home/blockops/wallet-sdk/example/node_modules/wallet-connector-extention/dist/bundle.js'
    required by /home/blockops/wallet-sdk/example/node_modules/wallet-connector-extention/dist/bundle.js
Error: Can't walk dependency graph: Cannot find module './verify' from '/home/blockops/wallet-sdk/example/node_modules/wallet-connector-extention/dist/bundle.js'
    required by /home/blockops/wallet-sdk/example/node_modules/wallet-connector-extention/dist/bundle.js
Error: Can't walk dependency graph: Cannot find module './sign' from '/home/blockops/wallet-sdk/example/node_modules/wallet-connector-extention/dist/bundle.js'
    required by /home/blockops/wallet-sdk/example/node_modules/wallet-connector-extention/dist/bundle.js
Error: Can't walk dependency graph: Cannot find module './algorithms.json' from '/home/blockops/wallet-sdk/example/node_modules/wallet-connector-extention/dist/bundle.js'
    required by /home/blockops/wallet-sdk/example/node_modules/wallet-connector-extention/dist/bundle.js
Error: Can't walk dependency graph: Cannot find module './curves.json' from '/home/blockops/wallet-sdk/example/node_modules/wallet-connector-extention/dist/bundle.js'
    required by /home/blockops/wallet-sdk/example/node_modules/wallet-connector-extention/dist/bundle.js
Error: Can't walk dependency graph: Cannot find module './base.js' from '/home/blockops/wallet-sdk/example/node_modules/wallet-connector-extention/dist/bundle.js'
    required by /home/blockops/wallet-sdk/example/node_modules/wallet-connector-extention/dist/bundle.js
Error: Can't walk dependency graph: Cannot find module './base-table.json' from '/home/blockops/wallet-sdk/example/node_modules/wallet-connector-extention/dist/bundle.js'
    required by /home/blockops/wallet-sdk/example/node_modules/wallet-connector-extention/dist/bundle.js
Error: Can't walk dependency graph: Cannot find module './base32' from '/home/blockops/wallet-sdk/example/node_modules/wallet-connector-extention/dist/bundle.js'
    required by /home/blockops/wallet-sdk/example/node_modules/wallet-connector-extention/dist/bundle.js
Error: Can't walk dependency graph: Cannot find module './base16' from '/home/blockops/wallet-sdk/example/node_modules/wallet-connector-extention/dist/bundle.js'
    required by /home/blockops/wallet-sdk/example/node_modules/wallet-connector-extention/dist/bundle.js
Error: Can't walk dependency graph: Cannot find module './int-table' from '/home/blockops/wallet-sdk/example/node_modules/wallet-connector-extention/dist/bundle.js'
    required by /home/blockops/wallet-sdk/example/node_modules/wallet-connector-extention/dist/bundle.js
Error: Can't walk dependency graph: Cannot find module './constants' from '/home/blockops/wallet-sdk/example/node_modules/wallet-connector-extention/dist/bundle.js'
    required by /home/blockops/wallet-sdk/example/node_modules/wallet-connector-extention/dist/bundle.js
Error: Can't walk dependency graph: Cannot find module './print' from '/home/blockops/wallet-sdk/example/node_modules/wallet-connector-extention/dist/bundle.js'
    required by /home/blockops/wallet-sdk/example/node_modules/wallet-connector-extention/dist/bundle.js
Error: Can't walk dependency graph: Cannot find module './varint-table' from '/home/blockops/wallet-sdk/example/node_modules/wallet-connector-extention/dist/bundle.js'
    required by /home/blockops/wallet-sdk/example/node_modules/wallet-connector-extention/dist/bundle.js
Error: Can't walk dependency graph: Cannot find module './cid-util' from '/home/blockops/wallet-sdk/example/node_modules/wallet-connector-extention/dist/bundle.js'
    required by /home/blockops/wallet-sdk/example/node_modules/wallet-connector-extention/dist/bundle.js
Error: Can't walk dependency graph: Cannot find module './profiles' from '/home/blockops/wallet-sdk/example/node_modules/wallet-connector-extention/dist/bundle.js'
    required by /home/blockops/wallet-sdk/example/node_modules/wallet-connector-extention/dist/bundle.js
Error: Can't walk dependency graph: Cannot find module './legacy' from '/home/blockops/wallet-sdk/example/node_modules/wallet-connector-extention/dist/bundle.js'
    required by /home/blockops/wallet-sdk/example/node_modules/wallet-connector-extention/dist/bundle.js
Error: Can't walk dependency graph: Cannot find module './helpers' from '/home/blockops/wallet-sdk/example/node_modules/wallet-connector-extention/dist/bundle.js'
    required by /home/blockops/wallet-sdk/example/node_modules/wallet-connector-extention/dist/bundle.js
Error: Can't walk dependency graph: Cannot find module './cipher' from '/home/blockops/wallet-sdk/example/node_modules/wallet-connector-extention/dist/bundle.js'
    required by /home/blockops/wallet-sdk/example/node_modules/wallet-connector-extention/dist/bundle.js
Error: Can't walk dependency graph: Cannot find module './des' from '/home/blockops/wallet-sdk/example/node_modules/wallet-connector-extention/dist/bundle.js'
    required by /home/blockops/wallet-sdk/example/node_modules/wallet-connector-extention/dist/bundle.js
Error: Can't walk dependency graph: Cannot find module './generatePrime' from '/home/blockops/wallet-sdk/example/node_modules/wallet-connector-extention/dist/bundle.js'
    required by /home/blockops/wallet-sdk/example/node_modules/wallet-connector-extention/dist/bundle.js
Error: Can't walk dependency graph: Cannot find module './nat' from '/home/blockops/wallet-sdk/example/node_modules/wallet-connector-extention/dist/bundle.js'
    required by /home/blockops/wallet-sdk/example/node_modules/wallet-connector-extention/dist/bundle.js
Error: Can't walk dependency graph: Cannot find module './rlp' from '/home/blockops/wallet-sdk/example/node_modules/wallet-connector-extention/dist/bundle.js'
    required by /home/blockops/wallet-sdk/example/node_modules/wallet-connector-extention/dist/bundle.js
Error: Can't walk dependency graph: Cannot find module './array.js' from '/home/blockops/wallet-sdk/example/node_modules/wallet-connector-extention/dist/bundle.js'
    required by /home/blockops/wallet-sdk/example/node_modules/wallet-connector-extention/dist/bundle.js
Error: Can't walk dependency graph: Cannot find module './error-constants' from '/home/blockops/wallet-sdk/example/node_modules/wallet-connector-extention/dist/bundle.js'
    required by /home/blockops/wallet-sdk/example/node_modules/wallet-connector-extention/dist/bundle.js
Error: Can't walk dependency graph: Cannot find module './classes' from '/home/blockops/wallet-sdk/example/node_modules/wallet-connector-extention/dist/bundle.js'
    required by /home/blockops/wallet-sdk/example/node_modules/wallet-connector-extention/dist/bundle.js
Error: Can't walk dependency graph: Cannot find module './hash' from '/home/blockops/wallet-sdk/example/node_modules/wallet-connector-extention/dist/bundle.js'
    required by /home/blockops/wallet-sdk/example/node_modules/wallet-connector-extention/dist/bundle.js
Error: Can't walk dependency graph: Cannot find module './errors' from '/home/blockops/wallet-sdk/example/node_modules/wallet-connector-extention/dist/bundle.js'
    required by /home/blockops/wallet-sdk/example/node_modules/wallet-connector-extention/dist/bundle.js
Error: Can't walk dependency graph: Cannot find module './hash-utils' from '/home/blockops/wallet-sdk/example/node_modules/wallet-connector-extention/dist/bundle.js'
    required by /home/blockops/wallet-sdk/example/node_modules/wallet-connector-extention/dist/bundle.js
Error: Can't walk dependency graph: Cannot find module './externals' from '/home/blockops/wallet-sdk/example/node_modules/wallet-connector-extention/dist/bundle.js'
    required by /home/blockops/wallet-sdk/example/node_modules/wallet-connector-extention/dist/bundle.js
Error: Can't walk dependency graph: Cannot find module './random' from '/home/blockops/wallet-sdk/example/node_modules/wallet-connector-extention/dist/bundle.js'
    required by /home/blockops/wallet-sdk/example/node_modules/wallet-connector-extention/dist/bundle.js
Error: Can't walk dependency graph: Cannot find module './account' from '/home/blockops/wallet-sdk/example/node_modules/wallet-connector-extention/dist/bundle.js'
    required by /home/blockops/wallet-sdk/example/node_modules/wallet-connector-extention/dist/bundle.js
Error: Can't walk dependency graph: Cannot find module './internal' from '/home/blockops/wallet-sdk/example/node_modules/wallet-connector-extention/dist/bundle.js'
    required by /home/blockops/wallet-sdk/example/node_modules/wallet-connector-extention/dist/bundle.js
Error: Can't walk dependency graph: Cannot find module './address' from '/home/blockops/wallet-sdk/example/node_modules/wallet-connector-extention/dist/bundle.js'
    required by /home/blockops/wallet-sdk/example/node_modules/wallet-connector-extention/dist/bundle.js
Error: Can't walk dependency graph: Cannot find module './object' from '/home/blockops/wallet-sdk/example/node_modules/wallet-connector-extention/dist/bundle.js'
    required by /home/blockops/wallet-sdk/example/node_modules/wallet-connector-extention/dist/bundle.js
Error: Can't walk dependency graph: Cannot find module './implementation' from '/home/blockops/wallet-sdk/example/node_modules/wallet-connector-extention/dist/bundle.js'
    required by /home/blockops/wallet-sdk/example/node_modules/wallet-connector-extention/dist/bundle.js
Error: Can't walk dependency graph: Cannot find module './shams' from '/home/blockops/wallet-sdk/example/node_modules/wallet-connector-extention/dist/bundle.js'
    required by /home/blockops/wallet-sdk/example/node_modules/wallet-connector-extention/dist/bundle.js
Error: Can't walk dependency graph: Cannot find module './common' from '/home/blockops/wallet-sdk/example/node_modules/wallet-connector-extention/dist/bundle.js'
    required by /home/blockops/wallet-sdk/example/node_modules/wallet-connector-extention/dist/bundle.js
Error: Can't walk dependency graph: Cannot find module './256' from '/home/blockops/wallet-sdk/example/node_modules/wallet-connector-extention/dist/bundle.js'
    required by /home/blockops/wallet-sdk/example/node_modules/wallet-connector-extention/dist/bundle.js
Error: Can't walk dependency graph: Cannot find module './512' from '/home/blockops/wallet-sdk/example/node_modules/wallet-connector-extention/dist/bundle.js'
    required by /home/blockops/wallet-sdk/example/node_modules/wallet-connector-extention/dist/bundle.js
Error: Can't walk dependency graph: Cannot find module './idna-map' from '/home/blockops/wallet-sdk/example/node_modules/wallet-connector-extention/dist/bundle.js'
    required by /home/blockops/wallet-sdk/example/node_modules/wallet-connector-extention/dist/bundle.js
Error: Can't walk dependency graph: Cannot find module './getUniqueId' from '/home/blockops/wallet-sdk/example/node_modules/wallet-connector-extention/dist/bundle.js'
    required by /home/blockops/wallet-sdk/example/node_modules/wallet-connector-extention/dist/bundle.js
Error: Can't walk dependency graph: Cannot find module './idRemapMiddleware' from '/home/blockops/wallet-sdk/example/node_modules/wallet-connector-extention/dist/bundle.js'
    required by /home/blockops/wallet-sdk/example/node_modules/wallet-connector-extention/dist/bundle.js
Error: Can't walk dependency graph: Cannot find module './mergeMiddleware' from '/home/blockops/wallet-sdk/example/node_modules/wallet-connector-extention/dist/bundle.js'
    required by /home/blockops/wallet-sdk/example/node_modules/wallet-connector-extention/dist/bundle.js
Error: Can't walk dependency graph: Cannot find module './createAsyncMiddleware' from '/home/blockops/wallet-sdk/example/node_modules/wallet-connector-extention/dist/bundle.js'
    required by /home/blockops/wallet-sdk/example/node_modules/wallet-connector-extention/dist/bundle.js
Error: Can't walk dependency graph: Cannot find module './JsonRpcEngine' from '/home/blockops/wallet-sdk/example/node_modules/wallet-connector-extention/dist/bundle.js'
    required by /home/blockops/wallet-sdk/example/node_modules/wallet-connector-extention/dist/bundle.js
Error: Can't walk dependency graph: Cannot find module './createScaffoldMiddleware' from '/home/blockops/wallet-sdk/example/node_modules/wallet-connector-extention/dist/bundle.js'
    required by /home/blockops/wallet-sdk/example/node_modules/wallet-connector-extention/dist/bundle.js
Error: Can't walk dependency graph: Cannot find module './createEngineStream' from '/home/blockops/wallet-sdk/example/node_modules/wallet-connector-extention/dist/bundle.js'
    required by /home/blockops/wallet-sdk/example/node_modules/wallet-connector-extention/dist/bundle.js
Error: Can't walk dependency graph: Cannot find module './createStreamMiddleware' from '/home/blockops/wallet-sdk/example/node_modules/wallet-connector-extention/dist/bundle.js'
    required by /home/blockops/wallet-sdk/example/node_modules/wallet-connector-extention/dist/bundle.js
Error: Can't walk dependency graph: Cannot find module './keccak' from '/home/blockops/wallet-sdk/example/node_modules/wallet-connector-extention/dist/bundle.js'
    required by /home/blockops/wallet-sdk/example/node_modules/wallet-connector-extention/dist/bundle.js
Error: Can't walk dependency graph: Cannot find module './shake' from '/home/blockops/wallet-sdk/example/node_modules/wallet-connector-extention/dist/bundle.js'
    required by /home/blockops/wallet-sdk/example/node_modules/wallet-connector-extention/dist/bundle.js
Error: Can't walk dependency graph: Cannot find module './_stream_readable' from '/home/blockops/wallet-sdk/example/node_modules/wallet-connector-extention/dist/bundle.js'
    required by /home/blockops/wallet-sdk/example/node_modules/wallet-connector-extention/dist/bundle.js
Error: Can't walk dependency graph: Cannot find module './_stream_writable' from '/home/blockops/wallet-sdk/example/node_modules/wallet-connector-extention/dist/bundle.js'
    required by /home/blockops/wallet-sdk/example/node_modules/wallet-connector-extention/dist/bundle.js
Error: Can't walk dependency graph: Cannot find module './keccak-state-unroll' from '/home/blockops/wallet-sdk/example/node_modules/wallet-connector-extention/dist/bundle.js'
    required by /home/blockops/wallet-sdk/example/node_modules/wallet-connector-extention/dist/bundle.js
Error: Can't walk dependency graph: Cannot find module './_stream_duplex' from '/home/blockops/wallet-sdk/example/node_modules/wallet-connector-extention/dist/bundle.js'
    required by /home/blockops/wallet-sdk/example/node_modules/wallet-connector-extention/dist/bundle.js
Error: Can't walk dependency graph: Cannot find module './end-of-stream' from '/home/blockops/wallet-sdk/example/node_modules/wallet-connector-extention/dist/bundle.js'
    required by /home/blockops/wallet-sdk/example/node_modules/wallet-connector-extention/dist/bundle.js
Error: Can't walk dependency graph: Cannot find module './util.inspect' from '/home/blockops/wallet-sdk/example/node_modules/wallet-connector-extention/dist/bundle.js'
    required by /home/blockops/wallet-sdk/example/node_modules/wallet-connector-extention/dist/bundle.js
Error: Can't walk dependency graph: Cannot find module './config.json' from '/home/blockops/wallet-sdk/example/node_modules/wallet-connector-extention/dist/bundle.js'
    required by /home/blockops/wallet-sdk/example/node_modules/wallet-connector-extention/dist/bundle.js
Error: Can't walk dependency graph: Cannot find module './isArguments' from '/home/blockops/wallet-sdk/example/node_modules/wallet-connector-extention/dist/bundle.js'
    required by /home/blockops/wallet-sdk/example/node_modules/wallet-connector-extention/dist/bundle.js
Error: Can't walk dependency graph: Cannot find module './certificate' from '/home/blockops/wallet-sdk/example/node_modules/wallet-connector-extention/dist/bundle.js'
    required by /home/blockops/wallet-sdk/example/node_modules/wallet-connector-extention/dist/bundle.js
Error: Can't walk dependency graph: Cannot find module './aesid.json' from '/home/blockops/wallet-sdk/example/node_modules/wallet-connector-extention/dist/bundle.js'
    required by /home/blockops/wallet-sdk/example/node_modules/wallet-connector-extention/dist/bundle.js
Error: Can't walk dependency graph: Cannot find module './asn1' from '/home/blockops/wallet-sdk/example/node_modules/wallet-connector-extention/dist/bundle.js'
    required by /home/blockops/wallet-sdk/example/node_modules/wallet-connector-extention/dist/bundle.js
Error: Can't walk dependency graph: Cannot find module './fixProc' from '/home/blockops/wallet-sdk/example/node_modules/wallet-connector-extention/dist/bundle.js'
    required by /home/blockops/wallet-sdk/example/node_modules/wallet-connector-extention/dist/bundle.js
Error: Can't walk dependency graph: Cannot find module './precondition' from '/home/blockops/wallet-sdk/example/node_modules/wallet-connector-extention/dist/bundle.js'
    required by /home/blockops/wallet-sdk/example/node_modules/wallet-connector-extention/dist/bundle.js
Error: Can't walk dependency graph: Cannot find module './default-encoding' from '/home/blockops/wallet-sdk/example/node_modules/wallet-connector-extention/dist/bundle.js'
    required by /home/blockops/wallet-sdk/example/node_modules/wallet-connector-extention/dist/bundle.js
Error: Can't walk dependency graph: Cannot find module './publicEncrypt' from '/home/blockops/wallet-sdk/example/node_modules/wallet-connector-extention/dist/bundle.js'
    required by /home/blockops/wallet-sdk/example/node_modules/wallet-connector-extention/dist/bundle.js
Error: Can't walk dependency graph: Cannot find module './mgf' from '/home/blockops/wallet-sdk/example/node_modules/wallet-connector-extention/dist/bundle.js'
    required by /home/blockops/wallet-sdk/example/node_modules/wallet-connector-extention/dist/bundle.js
Error: Can't walk dependency graph: Cannot find module './sync' from '/home/blockops/wallet-sdk/example/node_modules/wallet-connector-extention/dist/bundle.js'
    required by /home/blockops/wallet-sdk/example/node_modules/wallet-connector-extention/dist/bundle.js
Error: Can't walk dependency graph: Cannot find module './privateDecrypt' from '/home/blockops/wallet-sdk/example/node_modules/wallet-connector-extention/dist/bundle.js'
    required by /home/blockops/wallet-sdk/example/node_modules/wallet-connector-extention/dist/bundle.js
Error: Can't walk dependency graph: Cannot find module './xor' from '/home/blockops/wallet-sdk/example/node_modules/wallet-connector-extention/dist/bundle.js'
    required by /home/blockops/wallet-sdk/example/node_modules/wallet-connector-extention/dist/bundle.js
Error: Can't walk dependency graph: Cannot find module './withPublic' from '/home/blockops/wallet-sdk/example/node_modules/wallet-connector-extention/dist/bundle.js'
    required by /home/blockops/wallet-sdk/example/node_modules/wallet-connector-extention/dist/bundle.js
Error: Can't walk dependency graph: Cannot find module './to-buffer' from '/home/blockops/wallet-sdk/example/node_modules/wallet-connector-extention/dist/bundle.js'
    required by /home/blockops/wallet-sdk/example/node_modules/wallet-connector-extention/dist/bundle.js
Error: Can't walk dependency graph: Cannot find module './lib' from '/home/blockops/wallet-sdk/example/node_modules/wallet-connector-extention/dist/bundle.js'
    required by /home/blockops/wallet-sdk/example/node_modules/wallet-connector-extention/dist/bundle.js
Error: Can't walk dependency graph: Cannot find module './sha224' from '/home/blockops/wallet-sdk/example/node_modules/wallet-connector-extention/dist/bundle.js'
    required by /home/blockops/wallet-sdk/example/node_modules/wallet-connector-extention/dist/bundle.js
Error: Can't walk dependency graph: Cannot find module './sha' from '/home/blockops/wallet-sdk/example/node_modules/wallet-connector-extention/dist/bundle.js'
    required by /home/blockops/wallet-sdk/example/node_modules/wallet-connector-extention/dist/bundle.js
Error: Can't walk dependency graph: Cannot find module './sha256' from '/home/blockops/wallet-sdk/example/node_modules/wallet-connector-extention/dist/bundle.js'
    required by /home/blockops/wallet-sdk/example/node_modules/wallet-connector-extention/dist/bundle.js
Error: Can't walk dependency graph: Cannot find module './sha512' from '/home/blockops/wallet-sdk/example/node_modules/wallet-connector-extention/dist/bundle.js'
    required by /home/blockops/wallet-sdk/example/node_modules/wallet-connector-extention/dist/bundle.js
Error: Can't walk dependency graph: Cannot find module './sha1' from '/home/blockops/wallet-sdk/example/node_modules/wallet-connector-extention/dist/bundle.js'
    required by /home/blockops/wallet-sdk/example/node_modules/wallet-connector-extention/dist/bundle.js
Error: Can't walk dependency graph: Cannot find module './sha384' from '/home/blockops/wallet-sdk/example/node_modules/wallet-connector-extention/dist/bundle.js'
    required by /home/blockops/wallet-sdk/example/node_modules/wallet-connector-extention/dist/bundle.js
Error: Can't walk dependency graph: Cannot find module './capability' from '/home/blockops/wallet-sdk/example/node_modules/wallet-connector-extention/dist/bundle.js'
    required by /home/blockops/wallet-sdk/example/node_modules/wallet-connector-extention/dist/bundle.js
Error: Can't walk dependency graph: Cannot find module './response' from '/home/blockops/wallet-sdk/example/node_modules/wallet-connector-extention/dist/bundle.js'
    required by /home/blockops/wallet-sdk/example/node_modules/wallet-connector-extention/dist/bundle.js
Error: Can't walk dependency graph: Cannot find module './swarm-hash.js' from '/home/blockops/wallet-sdk/example/node_modules/wallet-connector-extention/dist/bundle.js'
    required by /home/blockops/wallet-sdk/example/node_modules/wallet-connector-extention/dist/bundle.js
Error: Can't walk dependency graph: Cannot find module './pick.js' from '/home/blockops/wallet-sdk/example/node_modules/wallet-connector-extention/dist/bundle.js'
    required by /home/blockops/wallet-sdk/example/node_modules/wallet-connector-extention/dist/bundle.js
Error: Can't walk dependency graph: Cannot find module './swarm' from '/home/blockops/wallet-sdk/example/node_modules/wallet-connector-extention/dist/bundle.js'
    required by /home/blockops/wallet-sdk/example/node_modules/wallet-connector-extention/dist/bundle.js
Error: Can't walk dependency graph: Cannot find module './formats' from '/home/blockops/wallet-sdk/example/node_modules/wallet-connector-extention/dist/bundle.js'
    required by /home/blockops/wallet-sdk/example/node_modules/wallet-connector-extention/dist/bundle.js
Error: Can't walk dependency graph: Cannot find module './parse' from '/home/blockops/wallet-sdk/example/node_modules/wallet-connector-extention/dist/bundle.js'
    required by /home/blockops/wallet-sdk/example/node_modules/wallet-connector-extention/dist/bundle.js
Error: Can't walk dependency graph: Cannot find module './stringify' from '/home/blockops/wallet-sdk/example/node_modules/wallet-connector-extention/dist/bundle.js'
    required by /home/blockops/wallet-sdk/example/node_modules/wallet-connector-extention/dist/bundle.js
Error: Can't walk dependency graph: Cannot find module './v1' from '/home/blockops/wallet-sdk/example/node_modules/wallet-connector-extention/dist/bundle.js'
    required by /home/blockops/wallet-sdk/example/node_modules/wallet-connector-extention/dist/bundle.js
Error: Can't walk dependency graph: Cannot find module './v4' from '/home/blockops/wallet-sdk/example/node_modules/wallet-connector-extention/dist/bundle.js'
    required by /home/blockops/wallet-sdk/example/node_modules/wallet-connector-extention/dist/bundle.js
Error: Can't walk dependency graph: Cannot find module './encode.js' from '/home/blockops/wallet-sdk/example/node_modules/wallet-connector-extention/dist/bundle.js'
    required by /home/blockops/wallet-sdk/example/node_modules/wallet-connector-extention/dist/bundle.js
Error: Can't walk dependency graph: Cannot find module './decode.js' from '/home/blockops/wallet-sdk/example/node_modules/wallet-connector-extention/dist/bundle.js'
    required by /home/blockops/wallet-sdk/example/node_modules/wallet-connector-extention/dist/bundle.js
Error: Can't walk dependency graph: Cannot find module './_stream_transform' from '/home/blockops/wallet-sdk/example/node_modules/wallet-connector-extention/dist/bundle.js'
    required by /home/blockops/wallet-sdk/example/node_modules/wallet-connector-extention/dist/bundle.js
Error: Can't walk dependency graph: Cannot find module './length.js' from '/home/blockops/wallet-sdk/example/node_modules/wallet-connector-extention/dist/bundle.js'
    required by /home/blockops/wallet-sdk/example/node_modules/wallet-connector-extention/dist/bundle.js
Error: Can't walk dependency graph: Cannot find module './formatters' from '/home/blockops/wallet-sdk/example/node_modules/wallet-connector-extention/dist/bundle.js'
    required by /home/blockops/wallet-sdk/example/node_modules/wallet-connector-extention/dist/bundle.js
Error: Can't walk dependency graph: Cannot find module './jsonrpc.js' from '/home/blockops/wallet-sdk/example/node_modules/wallet-connector-extention/dist/bundle.js'
    required by /home/blockops/wallet-sdk/example/node_modules/wallet-connector-extention/dist/bundle.js
Error: Can't walk dependency graph: Cannot find module './givenProvider.js' from '/home/blockops/wallet-sdk/example/node_modules/wallet-connector-extention/dist/bundle.js'
    required by /home/blockops/wallet-sdk/example/node_modules/wallet-connector-extention/dist/bundle.js
Error: Can't walk dependency graph: Cannot find module './batch.js' from '/home/blockops/wallet-sdk/example/node_modules/wallet-connector-extention/dist/bundle.js'
    required by /home/blockops/wallet-sdk/example/node_modules/wallet-connector-extention/dist/bundle.js
Error: Can't walk dependency graph: Cannot find module './jsonrpc' from '/home/blockops/wallet-sdk/example/node_modules/wallet-connector-extention/dist/bundle.js'
    required by /home/blockops/wallet-sdk/example/node_modules/wallet-connector-extention/dist/bundle.js
Error: Can't walk dependency graph: Cannot find module './subscription.js' from '/home/blockops/wallet-sdk/example/node_modules/wallet-connector-extention/dist/bundle.js'
    required by /home/blockops/wallet-sdk/example/node_modules/wallet-connector-extention/dist/bundle.js
Error: Can't walk dependency graph: Cannot find module './extend' from '/home/blockops/wallet-sdk/example/node_modules/wallet-connector-extention/dist/bundle.js'
    required by /home/blockops/wallet-sdk/example/node_modules/wallet-connector-extention/dist/bundle.js
Error: Can't walk dependency graph: Cannot find module './config' from '/home/blockops/wallet-sdk/example/node_modules/wallet-connector-extention/dist/bundle.js'
    required by /home/blockops/wallet-sdk/example/node_modules/wallet-connector-extention/dist/bundle.js
Error: Can't walk dependency graph: Cannot find module './ENS' from '/home/blockops/wallet-sdk/example/node_modules/wallet-connector-extention/dist/bundle.js'
    required by /home/blockops/wallet-sdk/example/node_modules/wallet-connector-extention/dist/bundle.js
Error: Can't walk dependency graph: Cannot find module './getNetworkType.js' from '/home/blockops/wallet-sdk/example/node_modules/wallet-connector-extention/dist/bundle.js'
    required by /home/blockops/wallet-sdk/example/node_modules/wallet-connector-extention/dist/bundle.js
Error: Can't walk dependency graph: Cannot find module './helpers.js' from '/home/blockops/wallet-sdk/example/node_modules/wallet-connector-extention/dist/bundle.js'
    required by /home/blockops/wallet-sdk/example/node_modules/wallet-connector-extention/dist/bundle.js
Error: Can't walk dependency graph: Cannot find module './soliditySha3.js' from '/home/blockops/wallet-sdk/example/node_modules/wallet-connector-extention/dist/bundle.js'
    required by /home/blockops/wallet-sdk/example/node_modules/wallet-connector-extention/dist/bundle.js
Error: Can't walk dependency graph: Cannot find module './version' from '/home/blockops/wallet-sdk/example/node_modules/wallet-connector-extention/dist/bundle.js'
    required by /home/blockops/wallet-sdk/example/node_modules/wallet-connector-extention/dist/bundle.js
Error: Can't walk dependency graph: Cannot find module './normalize-response' from '/home/blockops/wallet-sdk/example/node_modules/wallet-connector-extention/dist/bundle.js'
    required by /home/blockops/wallet-sdk/example/node_modules/wallet-connector-extention/dist/bundle.js
Error: Can't walk dependency graph: Cannot find module './xml-http-request-event-target' from '/home/blockops/wallet-sdk/example/node_modules/wallet-connector-extention/dist/bundle.js'
    required by /home/blockops/wallet-sdk/example/node_modules/wallet-connector-extention/dist/bundle.js
Error: Can't walk dependency graph: Cannot find module './xml-http-request' from '/home/blockops/wallet-sdk/example/node_modules/wallet-connector-extention/dist/bundle.js'
    required by /home/blockops/wallet-sdk/example/node_modules/wallet-connector-extention/dist/bundle.js
Error: Can't walk dependency graph: Cannot find module './progress-event' from '/home/blockops/wallet-sdk/example/node_modules/wallet-connector-extention/dist/bundle.js'
    required by /home/blockops/wallet-sdk/example/node_modules/wallet-connector-extention/dist/bundle.js
Error: Can't walk dependency graph: Cannot find module './xml-http-request-upload' from '/home/blockops/wallet-sdk/example/node_modules/wallet-connector-extention/dist/bundle.js'
    required by /home/blockops/wallet-sdk/example/node_modules/wallet-connector-extention/dist/bundle.js
Error: Can't walk dependency graph: Cannot find module './genesisStates/ropsten.json' from '/home/blockops/wallet-sdk/example/node_modules/wallet-connector-extention/dist/bundle.js'
    required by /home/blockops/wallet-sdk/example/node_modules/wallet-connector-extention/dist/bundle.js
Error: Can't walk dependency graph: Cannot find module './genesisStates/rinkeby.json' from '/home/blockops/wallet-sdk/example/node_modules/wallet-connector-extention/dist/bundle.js'
    required by /home/blockops/wallet-sdk/example/node_modules/wallet-connector-extention/dist/bundle.js
Error: Can't walk dependency graph: Cannot find module './genesisStates/mainnet.json' from '/home/blockops/wallet-sdk/example/node_modules/wallet-connector-extention/dist/bundle.js'
    required by /home/blockops/wallet-sdk/example/node_modules/wallet-connector-extention/dist/bundle.js
Error: Can't walk dependency graph: Cannot find module './genesisStates/goerli.json' from '/home/blockops/wallet-sdk/example/node_modules/wallet-connector-extention/dist/bundle.js'
    required by /home/blockops/wallet-sdk/example/node_modules/wallet-connector-extention/dist/bundle.js
Error: Can't walk dependency graph: Cannot find module './genesisStates/sepolia.json' from '/home/blockops/wallet-sdk/example/node_modules/wallet-connector-extention/dist/bundle.js'
    required by /home/blockops/wallet-sdk/example/node_modules/wallet-connector-extention/dist/bundle.js
Error: Can't walk dependency graph: Cannot find module './genesisStates/kovan.json' from '/home/blockops/wallet-sdk/example/node_modules/wallet-connector-extention/dist/bundle.js'
    required by /home/blockops/wallet-sdk/example/node_modules/wallet-connector-extention/dist/bundle.js
Error: Can't walk dependency graph: Cannot find module './coders/address' from '/home/blockops/wallet-sdk/example/node_modules/wallet-connector-extention/dist/bundle.js'
    required by /home/blockops/wallet-sdk/example/node_modules/wallet-connector-extention/dist/bundle.js
Error: Can't walk dependency graph: Cannot find module './coders/abstract-coder' from '/home/blockops/wallet-sdk/example/node_modules/wallet-connector-extention/dist/bundle.js'
    required by /home/blockops/wallet-sdk/example/node_modules/wallet-connector-extention/dist/bundle.js
Error: Can't walk dependency graph: Cannot find module './coders/boolean' from '/home/blockops/wallet-sdk/example/node_modules/wallet-connector-extention/dist/bundle.js'
    required by /home/blockops/wallet-sdk/example/node_modules/wallet-connector-extention/dist/bundle.js
Error: Can't walk dependency graph: Cannot find module './coders/array' from '/home/blockops/wallet-sdk/example/node_modules/wallet-connector-extention/dist/bundle.js'
    required by /home/blockops/wallet-sdk/example/node_modules/wallet-connector-extention/dist/bundle.js
Error: Can't walk dependency graph: Cannot find module './coders/bytes' from '/home/blockops/wallet-sdk/example/node_modules/wallet-connector-extention/dist/bundle.js'
    required by /home/blockops/wallet-sdk/example/node_modules/wallet-connector-extention/dist/bundle.js
Error: Can't walk dependency graph: Cannot find module './coders/fixed-bytes' from '/home/blockops/wallet-sdk/example/node_modules/wallet-connector-extention/dist/bundle.js'
    required by /home/blockops/wallet-sdk/example/node_modules/wallet-connector-extention/dist/bundle.js
Error: Can't walk dependency graph: Cannot find module './coders/null' from '/home/blockops/wallet-sdk/example/node_modules/wallet-connector-extention/dist/bundle.js'
    required by /home/blockops/wallet-sdk/example/node_modules/wallet-connector-extention/dist/bundle.js
Error: Can't walk dependency graph: Cannot find module './coders/string' from '/home/blockops/wallet-sdk/example/node_modules/wallet-connector-extention/dist/bundle.js'
    required by /home/blockops/wallet-sdk/example/node_modules/wallet-connector-extention/dist/bundle.js
Error: Can't walk dependency graph: Cannot find module './coders/number' from '/home/blockops/wallet-sdk/example/node_modules/wallet-connector-extention/dist/bundle.js'
    required by /home/blockops/wallet-sdk/example/node_modules/wallet-connector-extention/dist/bundle.js
Error: Can't walk dependency graph: Cannot find module './coders/tuple' from '/home/blockops/wallet-sdk/example/node_modules/wallet-connector-extention/dist/bundle.js'
    required by /home/blockops/wallet-sdk/example/node_modules/wallet-connector-extention/dist/bundle.js
Error: Can't walk dependency graph: Cannot find module './ens-normalize/lib' from '/home/blockops/wallet-sdk/example/node_modules/wallet-connector-extention/dist/bundle.js'
    required by /home/blockops/wallet-sdk/example/node_modules/wallet-connector-extention/dist/bundle.js
Error: Can't walk dependency graph: Cannot find module './elliptic/utils' from '/home/blockops/wallet-sdk/example/node_modules/wallet-connector-extention/dist/bundle.js'
    required by /home/blockops/wallet-sdk/example/node_modules/wallet-connector-extention/dist/bundle.js
Error: Can't walk dependency graph: Cannot find module './elliptic/curves' from '/home/blockops/wallet-sdk/example/node_modules/wallet-connector-extention/dist/bundle.js'
    required by /home/blockops/wallet-sdk/example/node_modules/wallet-connector-extention/dist/bundle.js
Error: Can't walk dependency graph: Cannot find module './elliptic/curve' from '/home/blockops/wallet-sdk/example/node_modules/wallet-connector-extention/dist/bundle.js'
    required by /home/blockops/wallet-sdk/example/node_modules/wallet-connector-extention/dist/bundle.js
Error: Can't walk dependency graph: Cannot find module './elliptic/ec' from '/home/blockops/wallet-sdk/example/node_modules/wallet-connector-extention/dist/bundle.js'
    required by /home/blockops/wallet-sdk/example/node_modules/wallet-connector-extention/dist/bundle.js
Error: Can't walk dependency graph: Cannot find module './elliptic/eddsa' from '/home/blockops/wallet-sdk/example/node_modules/wallet-connector-extention/dist/bundle.js'
    required by /home/blockops/wallet-sdk/example/node_modules/wallet-connector-extention/dist/bundle.js
Error: Can't walk dependency graph: Cannot find module './precomputed/secp256k1' from '/home/blockops/wallet-sdk/example/node_modules/wallet-connector-extention/dist/bundle.js'
    required by /home/blockops/wallet-sdk/example/node_modules/wallet-connector-extention/dist/bundle.js
Error: Can't walk dependency graph: Cannot find module './extension-provider/createExternalExtensionProvider' from '/home/blockops/wallet-sdk/example/node_modules/wallet-connector-extention/dist/bundle.js'
    required by /home/blockops/wallet-sdk/example/node_modules/wallet-connector-extention/dist/bundle.js
Error: Can't walk dependency graph: Cannot find module './asn1/api' from '/home/blockops/wallet-sdk/example/node_modules/wallet-connector-extention/dist/bundle.js'
    required by /home/blockops/wallet-sdk/example/node_modules/wallet-connector-extention/dist/bundle.js
Error: Can't walk dependency graph: Cannot find module './asn1/constants' from '/home/blockops/wallet-sdk/example/node_modules/wallet-connector-extention/dist/bundle.js'
    required by /home/blockops/wallet-sdk/example/node_modules/wallet-connector-extention/dist/bundle.js
Error: Can't walk dependency graph: Cannot find module './asn1/decoders' from '/home/blockops/wallet-sdk/example/node_modules/wallet-connector-extention/dist/bundle.js'
    required by /home/blockops/wallet-sdk/example/node_modules/wallet-connector-extention/dist/bundle.js
Error: Can't walk dependency graph: Cannot find module './asn1/encoders' from '/home/blockops/wallet-sdk/example/node_modules/wallet-connector-extention/dist/bundle.js'
    required by /home/blockops/wallet-sdk/example/node_modules/wallet-connector-extention/dist/bundle.js
Error: Can't walk dependency graph: Cannot find module './asn1/base' from '/home/blockops/wallet-sdk/example/node_modules/wallet-connector-extention/dist/bundle.js'
    required by /home/blockops/wallet-sdk/example/node_modules/wallet-connector-extention/dist/bundle.js
Error: Can't walk dependency graph: Cannot find module './support/isBuffer' from '/home/blockops/wallet-sdk/example/node_modules/wallet-connector-extention/dist/bundle.js'
    required by /home/blockops/wallet-sdk/example/node_modules/wallet-connector-extention/dist/bundle.js
Error: Can't walk dependency graph: Cannot find module './modes/list.json' from '/home/blockops/wallet-sdk/example/node_modules/wallet-connector-extention/dist/bundle.js'
    required by /home/blockops/wallet-sdk/example/node_modules/wallet-connector-extention/dist/bundle.js
Error: Can't walk dependency graph: Cannot find module './browser/algorithms.json' from '/home/blockops/wallet-sdk/example/node_modules/wallet-connector-extention/dist/bundle.js'
    required by /home/blockops/wallet-sdk/example/node_modules/wallet-connector-extention/dist/bundle.js
Error: Can't walk dependency graph: Cannot find module './des/cipher' from '/home/blockops/wallet-sdk/example/node_modules/wallet-connector-extention/dist/bundle.js'
    required by /home/blockops/wallet-sdk/example/node_modules/wallet-connector-extention/dist/bundle.js
Error: Can't walk dependency graph: Cannot find module './des/utils' from '/home/blockops/wallet-sdk/example/node_modules/wallet-connector-extention/dist/bundle.js'
    required by /home/blockops/wallet-sdk/example/node_modules/wallet-connector-extention/dist/bundle.js
Error: Can't walk dependency graph: Cannot find module './des/cbc' from '/home/blockops/wallet-sdk/example/node_modules/wallet-connector-extention/dist/bundle.js'
    required by /home/blockops/wallet-sdk/example/node_modules/wallet-connector-extention/dist/bundle.js
Error: Can't walk dependency graph: Cannot find module './des/des' from '/home/blockops/wallet-sdk/example/node_modules/wallet-connector-extention/dist/bundle.js'
    required by /home/blockops/wallet-sdk/example/node_modules/wallet-connector-extention/dist/bundle.js
Error: Can't walk dependency graph: Cannot find module './lib/generatePrime' from '/home/blockops/wallet-sdk/example/node_modules/wallet-connector-extention/dist/bundle.js'
    required by /home/blockops/wallet-sdk/example/node_modules/wallet-connector-extention/dist/bundle.js
Error: Can't walk dependency graph: Cannot find module './des/ede' from '/home/blockops/wallet-sdk/example/node_modules/wallet-connector-extention/dist/bundle.js'
    required by /home/blockops/wallet-sdk/example/node_modules/wallet-connector-extention/dist/bundle.js
Error: Can't walk dependency graph: Cannot find module './lib/primes.json' from '/home/blockops/wallet-sdk/example/node_modules/wallet-connector-extention/dist/bundle.js'
    required by /home/blockops/wallet-sdk/example/node_modules/wallet-connector-extention/dist/bundle.js
Error: Can't walk dependency graph: Cannot find module './lib/dh' from '/home/blockops/wallet-sdk/example/node_modules/wallet-connector-extention/dist/bundle.js'
    required by /home/blockops/wallet-sdk/example/node_modules/wallet-connector-extention/dist/bundle.js
Error: Can't walk dependency graph: Cannot find module './hash/common' from '/home/blockops/wallet-sdk/example/node_modules/wallet-connector-extention/dist/bundle.js'
    required by /home/blockops/wallet-sdk/example/node_modules/wallet-connector-extention/dist/bundle.js
Error: Can't walk dependency graph: Cannot find module './hash/sha' from '/home/blockops/wallet-sdk/example/node_modules/wallet-connector-extention/dist/bundle.js'
    required by /home/blockops/wallet-sdk/example/node_modules/wallet-connector-extention/dist/bundle.js
Error: Can't walk dependency graph: Cannot find module './hash/ripemd' from '/home/blockops/wallet-sdk/example/node_modules/wallet-connector-extention/dist/bundle.js'
    required by /home/blockops/wallet-sdk/example/node_modules/wallet-connector-extention/dist/bundle.js
Error: Can't walk dependency graph: Cannot find module './hash/utils' from '/home/blockops/wallet-sdk/example/node_modules/wallet-connector-extention/dist/bundle.js'
    required by /home/blockops/wallet-sdk/example/node_modules/wallet-connector-extention/dist/bundle.js
Error: Can't walk dependency graph: Cannot find module './hash/hmac' from '/home/blockops/wallet-sdk/example/node_modules/wallet-connector-extention/dist/bundle.js'
    required by /home/blockops/wallet-sdk/example/node_modules/wallet-connector-extention/dist/bundle.js
Error: Can't walk dependency graph: Cannot find module './sha/1' from '/home/blockops/wallet-sdk/example/node_modules/wallet-connector-extention/dist/bundle.js'
    required by /home/blockops/wallet-sdk/example/node_modules/wallet-connector-extention/dist/bundle.js
Error: Can't walk dependency graph: Cannot find module './sha/256' from '/home/blockops/wallet-sdk/example/node_modules/wallet-connector-extention/dist/bundle.js'
    required by /home/blockops/wallet-sdk/example/node_modules/wallet-connector-extention/dist/bundle.js
Error: Can't walk dependency graph: Cannot find module './sha/512' from '/home/blockops/wallet-sdk/example/node_modules/wallet-connector-extention/dist/bundle.js'
    required by /home/blockops/wallet-sdk/example/node_modules/wallet-connector-extention/dist/bundle.js
Error: Can't walk dependency graph: Cannot find module './sha/224' from '/home/blockops/wallet-sdk/example/node_modules/wallet-connector-extention/dist/bundle.js'
    required by /home/blockops/wallet-sdk/example/node_modules/wallet-connector-extention/dist/bundle.js
Error: Can't walk dependency graph: Cannot find module './sha/384' from '/home/blockops/wallet-sdk/example/node_modules/wallet-connector-extention/dist/bundle.js'
    required by /home/blockops/wallet-sdk/example/node_modules/wallet-connector-extention/dist/bundle.js
Error: Can't walk dependency graph: Cannot find module './lib/api' from '/home/blockops/wallet-sdk/example/node_modules/wallet-connector-extention/dist/bundle.js'
    required by /home/blockops/wallet-sdk/example/node_modules/wallet-connector-extention/dist/bundle.js
Error: Can't walk dependency graph: Cannot find module './lib/keccak' from '/home/blockops/wallet-sdk/example/node_modules/wallet-connector-extention/dist/bundle.js'
    required by /home/blockops/wallet-sdk/example/node_modules/wallet-connector-extention/dist/bundle.js
Error: Can't walk dependency graph: Cannot find module './lib/_stream_writable.js' from '/home/blockops/wallet-sdk/example/node_modules/wallet-connector-extention/dist/bundle.js'
    required by /home/blockops/wallet-sdk/example/node_modules/wallet-connector-extention/dist/bundle.js
Error: Can't walk dependency graph: Cannot find module './lib/_stream_readable.js' from '/home/blockops/wallet-sdk/example/node_modules/wallet-connector-extention/dist/bundle.js'
    required by /home/blockops/wallet-sdk/example/node_modules/wallet-connector-extention/dist/bundle.js
Error: Can't walk dependency graph: Cannot find module './lib/_stream_duplex.js' from '/home/blockops/wallet-sdk/example/node_modules/wallet-connector-extention/dist/bundle.js'
    required by /home/blockops/wallet-sdk/example/node_modules/wallet-connector-extention/dist/bundle.js
Error: Can't walk dependency graph: Cannot find module './lib/_stream_transform.js' from '/home/blockops/wallet-sdk/example/node_modules/wallet-connector-extention/dist/bundle.js'
    required by /home/blockops/wallet-sdk/example/node_modules/wallet-connector-extention/dist/bundle.js
Error: Can't walk dependency graph: Cannot find module './lib/_stream_passthrough.js' from '/home/blockops/wallet-sdk/example/node_modules/wallet-connector-extention/dist/bundle.js'
    required by /home/blockops/wallet-sdk/example/node_modules/wallet-connector-extention/dist/bundle.js
Error: Can't walk dependency graph: Cannot find module './lib/async' from '/home/blockops/wallet-sdk/example/node_modules/wallet-connector-extention/dist/bundle.js'
    required by /home/blockops/wallet-sdk/example/node_modules/wallet-connector-extention/dist/bundle.js
Error: Can't walk dependency graph: Cannot find module './lib/sync' from '/home/blockops/wallet-sdk/example/node_modules/wallet-connector-extention/dist/bundle.js'
    required by /home/blockops/wallet-sdk/example/node_modules/wallet-connector-extention/dist/bundle.js
Error: Can't walk dependency graph: Cannot find module './cjs/react.production.min.js' from '/home/blockops/wallet-sdk/example/node_modules/wallet-connector-extention/dist/bundle.js'
    required by /home/blockops/wallet-sdk/example/node_modules/wallet-connector-extention/dist/bundle.js
Error: Can't walk dependency graph: Cannot find module './cjs/react.development.js' from '/home/blockops/wallet-sdk/example/node_modules/wallet-connector-extention/dist/bundle.js'
    required by /home/blockops/wallet-sdk/example/node_modules/wallet-connector-extention/dist/bundle.js
Error: Can't walk dependency graph: Cannot find module './lib/elliptic' from '/home/blockops/wallet-sdk/example/node_modules/wallet-connector-extention/dist/bundle.js'
    required by /home/blockops/wallet-sdk/example/node_modules/wallet-connector-extention/dist/bundle.js
Error: Can't walk dependency graph: Cannot find module './lib/request' from '/home/blockops/wallet-sdk/example/node_modules/wallet-connector-extention/dist/bundle.js'
    required by /home/blockops/wallet-sdk/example/node_modules/wallet-connector-extention/dist/bundle.js
Error: Can't walk dependency graph: Cannot find module './lib/response' from '/home/blockops/wallet-sdk/example/node_modules/wallet-connector-extention/dist/bundle.js'
    required by /home/blockops/wallet-sdk/example/node_modules/wallet-connector-extention/dist/bundle.js
Error: Can't walk dependency graph: Cannot find module './lib/rng' from '/home/blockops/wallet-sdk/example/node_modules/wallet-connector-extention/dist/bundle.js'
    required by /home/blockops/wallet-sdk/example/node_modules/wallet-connector-extention/dist/bundle.js
Error: Can't walk dependency graph: Cannot find module './support/types' from '/home/blockops/wallet-sdk/example/node_modules/wallet-connector-extention/dist/bundle.js'
    required by /home/blockops/wallet-sdk/example/node_modules/wallet-connector-extention/dist/bundle.js
Error: Can't walk dependency graph: Cannot find module './lib/bytesToUuid' from '/home/blockops/wallet-sdk/example/node_modules/wallet-connector-extention/dist/bundle.js'
    required by /home/blockops/wallet-sdk/example/node_modules/wallet-connector-extention/dist/bundle.js
Error: Can't walk dependency graph: Cannot find module './contracts/Registry' from '/home/blockops/wallet-sdk/example/node_modules/wallet-connector-extention/dist/bundle.js'
    required by /home/blockops/wallet-sdk/example/node_modules/wallet-connector-extention/dist/bundle.js
Error: Can't walk dependency graph: Cannot find module './lib/ResolverMethodHandler' from '/home/blockops/wallet-sdk/example/node_modules/wallet-connector-extention/dist/bundle.js'
    required by /home/blockops/wallet-sdk/example/node_modules/wallet-connector-extention/dist/bundle.js
Error: Can't walk dependency graph: Cannot find module './lib/contentHash' from '/home/blockops/wallet-sdk/example/node_modules/wallet-connector-extention/dist/bundle.js'
    required by /home/blockops/wallet-sdk/example/node_modules/wallet-connector-extention/dist/bundle.js
Error: Can't walk dependency graph: Cannot find module '../resources/ABI/Resolver' from '/home/blockops/wallet-sdk/example/node_modules/wallet-connector-extention/dist/bundle.js'
    required by /home/blockops/wallet-sdk/example/node_modules/wallet-connector-extention/dist/bundle.js
Error: Can't walk dependency graph: Cannot find module '../resources/ABI/Registry' from '/home/blockops/wallet-sdk/example/node_modules/wallet-connector-extention/dist/bundle.js'
    required by /home/blockops/wallet-sdk/example/node_modules/wallet-connector-extention/dist/bundle.js
Error: Can't walk dependency graph: Cannot find module './lib/ensure-header.js' from '/home/blockops/wallet-sdk/example/node_modules/wallet-connector-extention/dist/bundle.js'
    required by /home/blockops/wallet-sdk/example/node_modules/wallet-connector-extention/dist/bundle.js
Error: Can't walk dependency graph: Cannot find module './lib/request.js' from '/home/blockops/wallet-sdk/example/node_modules/wallet-connector-extention/dist/bundle.js'
    required by /home/blockops/wallet-sdk/example/node_modules/wallet-connector-extention/dist/bundle.js
Error: Can't walk dependency graph: Cannot find module './utils/events' from '/home/blockops/wallet-sdk/example/node_modules/wallet-connector-extention/dist/bundle.js'
    required by /home/blockops/wallet-sdk/example/node_modules/wallet-connector-extention/dist/bundle.js
Error: Can't walk dependency graph: Cannot find module './apis/api' from '/home/blockops/wallet-sdk/example/node_modules/wallet-connector-extention/dist/bundle.js'
    required by /home/blockops/wallet-sdk/example/node_modules/wallet-connector-extention/dist/bundle.js
Error: Can't walk dependency graph: Cannot find module './utils/storage' from '/home/blockops/wallet-sdk/example/node_modules/wallet-connector-extention/dist/bundle.js'
    required by /home/blockops/wallet-sdk/example/node_modules/wallet-connector-extention/dist/bundle.js
Error: Can't walk dependency graph: Cannot find module './utils/bundle' from '/home/blockops/wallet-sdk/example/node_modules/wallet-connector-extention/dist/bundle.js'
    required by /home/blockops/wallet-sdk/example/node_modules/wallet-connector-extention/dist/bundle.js
Error: Can't walk dependency graph: Cannot find module './internal/streams/stream' from '/home/blockops/wallet-sdk/example/node_modules/wallet-connector-extention/dist/bundle.js'
    required by /home/blockops/wallet-sdk/example/node_modules/wallet-connector-extention/dist/bundle.js
Error: Can't walk dependency graph: Cannot find module './internal/streams/destroy' from '/home/blockops/wallet-sdk/example/node_modules/wallet-connector-extention/dist/bundle.js'
    required by /home/blockops/wallet-sdk/example/node_modules/wallet-connector-extention/dist/bundle.js
Error: Can't walk dependency graph: Cannot find module './internal/streams/buffer_list' from '/home/blockops/wallet-sdk/example/node_modules/wallet-connector-extention/dist/bundle.js'
    required by /home/blockops/wallet-sdk/example/node_modules/wallet-connector-extention/dist/bundle.js
Error: Can't walk dependency graph: Cannot find module './internal/streams/state' from '/home/blockops/wallet-sdk/example/node_modules/wallet-connector-extention/dist/bundle.js'
    required by /home/blockops/wallet-sdk/example/node_modules/wallet-connector-extention/dist/bundle.js
Error: Can't walk dependency graph: Cannot find module './internal/streams/async_iterator' from '/home/blockops/wallet-sdk/example/node_modules/wallet-connector-extention/dist/bundle.js'
    required by /home/blockops/wallet-sdk/example/node_modules/wallet-connector-extention/dist/bundle.js
Error: Can't walk dependency graph: Cannot find module './internal/streams/from' from '/home/blockops/wallet-sdk/example/node_modules/wallet-connector-extention/dist/bundle.js'
    required by /home/blockops/wallet-sdk/example/node_modules/wallet-connector-extention/dist/bundle.js
Error: Can't walk dependency graph: Cannot find module './internal/streams/BufferList' from '/home/blockops/wallet-sdk/example/node_modules/wallet-connector-extention/dist/bundle.js'
    required by /home/blockops/wallet-sdk/example/node_modules/wallet-connector-extention/dist/bundle.js
Error: Can't walk dependency graph: Cannot find module './lib/internal/streams/end-of-stream.js' from '/home/blockops/wallet-sdk/example/node_modules/wallet-connector-extention/dist/bundle.js'
    required by /home/blockops/wallet-sdk/example/node_modules/wallet-connector-extention/dist/bundle.js
Error: Can't walk dependency graph: Cannot find module './lib/internal/streams/pipeline.js' from '/home/blockops/wallet-sdk/example/node_modules/wallet-connector-extention/dist/bundle.js'
    required by /home/blockops/wallet-sdk/example/node_modules/wallet-connector-extention/dist/bundle.js
Error: Can't walk dependency graph: Cannot find module 'readable-stream/lib/internal/streams/pipeline.js' from '/home/blockops/wallet-sdk/example/node_modules/wallet-connector-extention/dist/bundle.js'
    required by /home/blockops/wallet-sdk/example/node_modules/wallet-connector-extention/dist/bundle.js
Error: Can't walk dependency graph: Cannot find module 'readable-stream/lib/internal/streams/end-of-stream.js' from '/home/blockops/wallet-sdk/example/node_modules/wallet-connector-extention/dist/bundle.js'
    required by /home/blockops/wallet-sdk/example/node_modules/wallet-connector-extention/dist/bundle.js
